<?xml version="1.0" encoding="UTF-8"?>
<!-- Generated by org.testng.reporters.JUnitXMLReporter -->
<testsuite ignored="1" hostname="DESKTOP-QK53TP2" failures="1" tests="1" name="Default test(failed)(failed)" time="0.249" errors="0" timestamp="2021-12-09T21:19:42 IST">
  <testcase classname="dependsOnMethods.dependsOnMethods" name="loginpage" time="0.112">
    <failure type="java.lang.AssertionError" message="The following asserts failed:
	verifying title expected [Orange] but found [OrangeHRM]">
      <![CDATA[java.lang.AssertionError: The following asserts failed:
verifying title expected [Orange] but found [OrangeHRM]
at dependsOnMethods.dependsOnMethods.loginpage(dependsOnMethods.java:35)
at java.base/java.util.ArrayList.forEach(ArrayList.java:1511)
... Removed 29 stack frames]]>
    </failure>
  </testcase> <!-- loginpage -->
  <testcase classname="dependsOnMethods.dependsOnMethods" name="homepage" time="0.0">
    <ignored/>
  </testcase> <!-- homepage -->
</testsuite> <!-- Default test(failed)(failed) -->
