<?xml version="1.0" encoding="UTF-8"?>
<!-- Generated by org.testng.reporters.JUnitXMLReporter -->
<testsuite ignored="0" hostname="DESKTOP-QK53TP2" failures="1" tests="1" name="Test" time="0.079" errors="0" timestamp="2021-12-15T13:32:10 IST">
  <testcase classname="parameterization.TestNgParameters" name="checkPara" time="0.0">
    <failure type="org.testng.TestNGException" message="
Parameter &amp;apos;version&amp;apos; is required by @Test on method checkPara but has not been marked @Optional or defined
in C:\Users\HP\eclipse-workspace\TestNgFramework\testngParameters.xml">
      <![CDATA[org.testng.TestNGException: 
Parameter 'version' is required by @Test on method checkPara but has not been marked @Optional or defined
in C:\Users\HP\eclipse-workspace\TestNgFramework\testngParameters.xml
at java.base/java.util.ArrayList.forEach(ArrayList.java:1511)
... Removed 26 stack frames]]>
    </failure>
  </testcase> <!-- checkPara -->
</testsuite> <!-- Test -->
